<?xml version="1.0" encoding="UTF-8"?>
<testsuite xmlns:xsi="http://www.w3.org/2001/XMLSchema-instance" xsi:noNamespaceSchemaLocation="https://maven.apache.org/surefire/maven-surefire-plugin/xsd/surefire-test-report-3.0.xsd" version="3.0" name="com.example.marketplace.service.ServicoCarrinhoTest" time="0.024" tests="4" errors="0" skipped="0" failures="0">
  <properties>
[...]
</properties>
  <testcase name="deveAplicarDescontoDeCategoriaEQuantidadeRespeitandoLimiteMaximo" classname="com.example.marketplace.service.ServicoCarrinhoTest" time="0.019"/>
  <testcase name="deveAplicarDescontoDeQuantidadeQuandoDoisProdutosForemSelecionados" classname="com.example.marketplace.service.ServicoCarrinhoTest" time="0.002"/>
  <testcase name="deveCalcularSubtotalSemDescontoQuandoApenasUmProdutoForSelecionado" classname="com.example.marketplace.service.ServicoCarrinhoTest" time="0.0"/>
  <testcase name="deveAplicarDescontoDeCategoriaParaCapinhaMesmoSemDescontoDeQuantidade" classname="com.example.marketplace.service.ServicoCarrinhoTest" time="0.0"/>
</testsuite>